<?xml version="1.0" encoding="UTF-8"?>
<!-- Generated by org.testng.reporters.JUnitReportReporter -->
<testsuite hostname="ReddyNodan" failures="0" tests="2" name="com.aadharTesting.AadharRegister" time="8.612" errors="0" timestamp="2023-08-02T21:00:19 IST" skipped="0">
  <testcase classname="com.aadharTesting.AadharRegister" name="ChromeBrowser" time="1.635"/>
  <testcase classname="com.aadharTesting.AadharRegister" name="TestHome" time="6.977"/>
</testsuite> <!-- com.aadharTesting.AadharRegister -->
