<?xml version="1.0" encoding="UTF-8"?>
<!-- Generated by org.testng.reporters.JUnitReportReporter -->
<testsuite hostname="ReddyNodan" failures="0" tests="3" name="com.aadharTesting.TestingCode" time="70.207" errors="0" timestamp="2023-08-03T09:29:26 IST" skipped="0">
  <testcase classname="com.aadharTesting.TestingCode" name="TestRegisterUserTest" time="20.802"/>
  <testcase classname="com.aadharTesting.TestingCode" name="TestAdminLogin" time="28.031"/>
  <testcase classname="com.aadharTesting.TestingCode" name="UserLogin" time="21.374"/>
</testsuite> <!-- com.aadharTesting.TestingCode -->
