<?xml version="1.0" encoding="UTF-8"?>
<!-- Generated by org.testng.reporters.JUnitReportReporter -->
<testsuite hostname="ReddyNodan" failures="0" tests="2" name="com.aadharTesting.AadharAdmin" time="14.694" errors="0" timestamp="2023-08-02T20:58:02 IST" skipped="0">
  <testcase classname="com.aadharTesting.AadharAdmin" name="TestHome" time="12.895"/>
  <testcase classname="com.aadharTesting.AadharAdmin" name="ChromeBrowser" time="1.799"/>
</testsuite> <!-- com.aadharTesting.AadharAdmin -->
