<?xml version="1.0" encoding="UTF-8"?>
<!-- Generated by org.testng.reporters.JUnitReportReporter -->
<testsuite hostname="ReddyNodan" failures="0" tests="2" name="com.aadharTesting.AadharCitizen" time="12.491" errors="0" timestamp="2023-08-02T20:59:34 IST" skipped="0">
  <testcase classname="com.aadharTesting.AadharCitizen" name="ChromeBrowser" time="1.650"/>
  <testcase classname="com.aadharTesting.AadharCitizen" name="CitizenCheck" time="10.841"/>
</testsuite> <!-- com.aadharTesting.AadharCitizen -->
